<?xml version="1.0" encoding="UTF-8"?>
<!-- Generated by org.testng.reporters.JUnitReportReporter -->
<testsuite hostname="PC4155" name="com.globalchk.tests.LoginTestAdmin" tests="2" failures="0" timestamp="13 Oct 2016 13:29:39 GMT" time="11.198" errors="0">
  <testcase name="loginTest" time="0.530" classname="com.globalchk.tests.LoginTestAdmin"/>
  <testcase name="addUserAdminReading" time="10.668" classname="com.globalchk.tests.LoginTestAdmin"/>
</testsuite> <!-- com.globalchk.tests.LoginTestAdmin -->
