<?xml version="1.0" encoding="UTF-8"?>
<!-- Generated by org.testng.reporters.JUnitReportReporter -->
<testsuite hostname="PC4155" name="com.globalchk.tests.LoginTestAdmin" tests="2" failures="0" timestamp="21 Oct 2016 04:35:17 GMT" time="8.834" errors="0">
  <testcase name="addUserAdminReading" time="6.852" classname="com.globalchk.tests.LoginTestAdmin"/>
  <testcase name="loginTest" time="1.982" classname="com.globalchk.tests.LoginTestAdmin"/>
</testsuite> <!-- com.globalchk.tests.LoginTestAdmin -->
