<?xml version="1.0" encoding="UTF-8"?>
<!-- Generated by org.testng.reporters.JUnitReportReporter -->
<testsuite hostname="PC4155" name="com.globalchk.tests.LoginTestAdmin" tests="2" failures="0" timestamp="7 Oct 2016 05:09:30 GMT" time="7.859" errors="1">
  <testcase name="addUserAdminReading" time="6.708" classname="com.globalchk.tests.LoginTestAdmin">
    <error type="org.openqa.selenium.WebDriverException" message="Failed to decode response from marionette (WARNING: The server did not provide any stacktrace information)
Command duration or timeout: 5.79 seconds
Build info: version: &#039;unknown&#039;, revision: &#039;c7b525d&#039;, time: &#039;2016-09-01 14:57:44 -0700&#039;
System info: host: &#039;PC4155&#039;, ip: &#039;192.168.4.155&#039;, os.name: &#039;Windows 7&#039;, os.arch: &#039;amd64&#039;, os.version: &#039;6.1&#039;, java.version: &#039;1.8.0_101&#039;
Driver info: org.openqa.selenium.firefox.FirefoxDriver
Capabilities [{rotatable=false, raisesAccessibilityExceptions=false, appBuildId=20160623154057, version=, platform=XP, proxy={}, command_id=1, specificationLevel=0, acceptSslCerts=false, browserVersion=47.0.1, platformVersion=6.1, XULappId={ec8030f7-c20a-464f-9b0e-13a3a9e97384}, browserName=Firefox, takesScreenshot=true, takesElementScreenshot=true, platformName=Windows_NT, device=desktop}]
Session ID: 3cd254bf-c31d-43bf-a2b8-3010289aa805
*** Element info: {Using=link text, value=Add Admin/Reading Center}">
      <![CDATA[org.openqa.selenium.WebDriverException: Failed to decode response from marionette (WARNING: The server did not provide any stacktrace information)
Command duration or timeout: 5.79 seconds
Build info: version: 'unknown', revision: 'c7b525d', time: '2016-09-01 14:57:44 -0700'
System info: host: 'PC4155', ip: '192.168.4.155', os.name: 'Windows 7', os.arch: 'amd64', os.version: '6.1', java.version: '1.8.0_101'
Driver info: org.openqa.selenium.firefox.FirefoxDriver
Capabilities [{rotatable=false, raisesAccessibilityExceptions=false, appBuildId=20160623154057, version=, platform=XP, proxy={}, command_id=1, specificationLevel=0, acceptSslCerts=false, browserVersion=47.0.1, platformVersion=6.1, XULappId={ec8030f7-c20a-464f-9b0e-13a3a9e97384}, browserName=Firefox, takesScreenshot=true, takesElementScreenshot=true, platformName=Windows_NT, device=desktop}]
Session ID: 3cd254bf-c31d-43bf-a2b8-3010289aa805
*** Element info: {Using=link text, value=Add Admin/Reading Center}
	at sun.reflect.NativeConstructorAccessorImpl.newInstance0(Native Method)
	at sun.reflect.NativeConstructorAccessorImpl.newInstance(Unknown Source)
	at sun.reflect.DelegatingConstructorAccessorImpl.newInstance(Unknown Source)
	at java.lang.reflect.Constructor.newInstance(Unknown Source)
	at org.openqa.selenium.remote.ErrorHandler.createThrowable(ErrorHandler.java:206)
	at org.openqa.selenium.remote.ErrorHandler.throwIfResponseFailed(ErrorHandler.java:158)
	at org.openqa.selenium.remote.RemoteWebDriver.execute(RemoteWebDriver.java:631)
	at org.openqa.selenium.remote.RemoteWebDriver.findElement(RemoteWebDriver.java:369)
	at org.openqa.selenium.remote.RemoteWebDriver.findElementByLinkText(RemoteWebDriver.java:426)
	at org.openqa.selenium.By$ByLinkText.findElement(By.java:246)
	at org.openqa.selenium.remote.RemoteWebDriver.findElement(RemoteWebDriver.java:361)
	at org.openqa.selenium.support.pagefactory.DefaultElementLocator.findElement(DefaultElementLocator.java:69)
	at org.openqa.selenium.support.pagefactory.internal.LocatingElementHandler.invoke(LocatingElementHandler.java:38)
	at com.sun.proxy.$Proxy7.getTagName(Unknown Source)
	at com.saf.functions.WebActions.click(WebActions.java:22)
	at com.globchk.pages.AdminReadingCenterAd.addReadingcenteruser(AdminReadingCenterAd.java:24)
	at com.globalchk.tests.LoginTestAdmin.addUserAdminReading(LoginTestAdmin.java:18)
	at sun.reflect.NativeMethodAccessorImpl.invoke0(Native Method)
	at sun.reflect.NativeMethodAccessorImpl.invoke(Unknown Source)
	at sun.reflect.DelegatingMethodAccessorImpl.invoke(Unknown Source)
	at java.lang.reflect.Method.invoke(Unknown Source)
	at org.testng.internal.MethodInvocationHelper.invokeMethod(MethodInvocationHelper.java:100)
	at org.testng.internal.Invoker.invokeMethod(Invoker.java:646)
	at org.testng.internal.Invoker.invokeTestMethod(Invoker.java:811)
	at org.testng.internal.Invoker.invokeTestMethods(Invoker.java:1129)
	at org.testng.internal.TestMethodWorker.invokeTestMethods(TestMethodWorker.java:129)
	at org.testng.internal.TestMethodWorker.run(TestMethodWorker.java:112)
	at java.util.concurrent.ThreadPoolExecutor.runWorker(Unknown Source)
	at java.util.concurrent.ThreadPoolExecutor$Worker.run(Unknown Source)
	at java.lang.Thread.run(Unknown Source)
]]>
    </error>
  </testcase> <!-- addUserAdminReading -->
  <testcase name="loginTest" time="1.151" classname="com.globalchk.tests.LoginTestAdmin"/>
</testsuite> <!-- com.globalchk.tests.LoginTestAdmin -->
