<?xml version="1.0" encoding="UTF-8"?>
<!-- Generated by org.testng.reporters.JUnitReportReporter -->
<testsuite hostname="HP" name="com.globalchk.tests.LoginTestAdmin" tests="2" failures="0" timestamp="11 Oct 2016 06:07:06 GMT" time="10.322" errors="0">
  <testcase name="addUserAdminReading" time="9.710" classname="com.globalchk.tests.LoginTestAdmin"/>
  <testcase name="loginTest" time="0.612" classname="com.globalchk.tests.LoginTestAdmin"/>
</testsuite> <!-- com.globalchk.tests.LoginTestAdmin -->
