<?xml version="1.0" encoding="UTF-8"?>
<!-- Generated by org.testng.reporters.JUnitReportReporter -->
<testsuite hostname="PC4155" name="com.globalchk.tests.LoginTestAdmin" tests="2" failures="0" timestamp="29 Nov 2016 08:51:05 GMT" time="7.784" errors="0">
  <testcase name="loginTest" time="0.748" classname="com.globalchk.tests.LoginTestAdmin"/>
  <testcase name="addUserAdminReading" time="7.036" classname="com.globalchk.tests.LoginTestAdmin"/>
</testsuite> <!-- com.globalchk.tests.LoginTestAdmin -->
