<?xml version="1.0" encoding="UTF-8"?>
<!-- Generated by org.testng.reporters.JUnitReportReporter -->
<testsuite hostname="HP" name="com.globalchk.tests.LoginTestAdmin" tests="2" failures="0" timestamp="15 Oct 2016 18:03:43 GMT" time="27.123" errors="0">
  <testcase name="addUserAdminReading" time="26.336" classname="com.globalchk.tests.LoginTestAdmin"/>
  <testcase name="loginTest" time="0.787" classname="com.globalchk.tests.LoginTestAdmin"/>
</testsuite> <!-- com.globalchk.tests.LoginTestAdmin -->
